[Pass 1 time: 0.148 sec     dicttok]
[Pass 2 time: 0.001 sec     kbInit]
[Pass 3 time: 0 sec     KBFuncs]
[Pass 4 time: 0 sec     funcs]
[Pass 5 time: 0.133 sec     tagsSpaces]
[Pass 6 time: 0.139 sec     tagsSpacesTwo]
[Pass 7 time: 0.107 sec     removes]
[Pass 8 time: 0.102 sec     tags]
[Pass 9 time: 0.102 sec     textZone]
[Pass 10 time: 0.101 sec     notText]
[Pass 11 time: 0.098 sec     onlyText]
[Pass 12 time: 0.107 sec     Lines]
[Pass 13 time: 0.115 sec     RemoveWhiteSpace]
[Pass 14 time: 0.092 sec     conjuWhiteSpace]
[Pass 15 time: 0.103 sec     words]
[Pass 16 time: 0.09 sec     phrases]
[Pass 17 time: 0.091 sec     list]
[Pass 18 time: 0.089 sec     headers]
[Pass 19 time: 0.089 sec     ups]
[Pass 20 time: 0.093 sec     headerZones]
[Pass 21 time: 0.089 sec     pof]
[Pass 22 time: 0.087 sec     lineHeader]
[Pass 23 time: 0.091 sec     langZone]
[Pass 24 time: 0.093 sec     attributes]
[Pass 25 time: 0.087 sec     languageZone]
[Pass 26 time: 0.085 sec     kbBuild]
[Pass 27 time: 0.001 sec     output]
[Input file: c:\Users\Adarsh\Desktop\LANG_NLP\ANALYZERS\after_lang\input\because.xml]
[Total passes: 27]
[Total time: 2.335 sec]
[Time per 1000 chars (2.335/18646): 0.125228 sec]
[Time per pass per 1000 chars: 0.00463807]
infile  passes tottime length tot/1000 tot/pass/1000
c:\Users\Adarsh\Desktop\LANG_NLP\ANALYZERS\after_lang\input\because.xml	27	2.335	18646	0.125228	0.00463807
[Clean time: 0.001 sec]
