[command arg: -ANA]
[command arg: c:\Users\Adarsh\Downloads\NLP-ENGLISH-DICTIONARY\LANG_NLP\ANALYZERS\after_lang\]
[command arg: -WORK]
[command arg: c:\Users\Adarsh\.vscode\extensions\dehilster.nlp-2.24.4\nlp-engine]
[command arg: c:\Users\Adarsh\Downloads\NLP-ENGLISH-DICTIONARY\LANG_NLP\ANALYZERS\after_lang\input\test\this.xml]
[command arg: -DEV]
[logfile: c:\Users\Adarsh\.vscode\extensions\dehilster.nlp-2.24.4\nlp-engine\vtrun_logfile.out]
[rfbdir: c:\Users\Adarsh\.vscode\extensions\dehilster.nlp-2.24.4\nlp-engine\data\rfb\spec]
[analyzer directory: c:\Users\Adarsh\Downloads\NLP-ENGLISH-DICTIONARY\LANG_NLP\ANALYZERS\after_lang\]
[analyzer name: ]
[rfb file: c:\Users\Adarsh\.vscode\extensions\dehilster.nlp-2.24.4\nlp-engine\data\rfb\spec]
[log file: .\tmp\visualtext.log]
[spec directory: c:\Users\Adarsh\Downloads\NLP-ENGLISH-DICTIONARY\LANG_NLP\ANALYZERS\after_lang\\spec]
[spec file: c:\Users\Adarsh\Downloads\NLP-ENGLISH-DICTIONARY\LANG_NLP\ANALYZERS\after_lang\\spec\analyzer.seq]
[output directory: c:\Users\Adarsh\Downloads\NLP-ENGLISH-DICTIONARY\LANG_NLP\ANALYZERS\after_lang\\output]
[infile path: c:\Users\Adarsh\Downloads\NLP-ENGLISH-DICTIONARY\LANG_NLP\ANALYZERS\after_lang\input\test\this.xml]
[outfile path: c:\Users\Adarsh\Downloads\NLP-ENGLISH-DICTIONARY\LANG_NLP\ANALYZERS\after_lang\\outfile.txt]
[outdir path: c:\Users\Adarsh\Downloads\NLP-ENGLISH-DICTIONARY\LANG_NLP\ANALYZERS\after_lang\input\test\this.xml_log]
[AFTER VTRUN DELETE: ]
Active Algo count=1
