[Pass 1 time: 0 sec     tokenize]
[Pass 2 time: 0 sec     line]
[Pass 3 time: 0.001 sec     retok]
[Pass 4 time: 0 sec     bigtok]
[Pass 5 time: 0 sec     x_commas]
[Pass 6 time: 0.001 sec     components]
[Pass 7 time: 0 sec     x_white]
[Pass 8 time: 0.001 sec     list]
[Pass 9 time: 0 sec     action]
[Pass 10 time: 0 sec     pair]
[Pass 11 time: 0 sec     pairs]
[Pass 12 time: 0 sec     element]
[Pass 13 time: 0 sec     rule]
[Pass 14 time: 0 sec     rules]
[Pass 15 time: 0 sec     actions]
[Pass 16 time: 0 sec     nodes]
[Pass 17 time: 0 sec     multi]
[Pass 18 time: 0 sec     path]
[Pass 19 time: 0 sec     select]
[Pass 20 time: 0 sec     region]
[Pass 21 time: 0 sec     regions]
[Pass 22 time: 0 sec     recurse]
[Pass 23 time: 0 sec     recurses]
[Pass 24 time: 0 sec     code]
[Pass 25 time: 0 sec     rulesfile]
[Pass 1 time: 0.001 sec     tokenize]
[Pass 2 time: 0 sec     line]
[Pass 3 time: 0.003 sec     retok]
[Pass 4 time: 0.007 sec     bigtok]
[Pass 5 time: 0.002 sec     x_commas]
[Pass 6 time: 0.043 sec     components]
[Pass 7 time: 0.01 sec     x_white]
[Pass 8 time: 0.015 sec     list]
[Pass 9 time: 0.006 sec     action]
[Pass 10 time: 0.001 sec     pair]
[Pass 11 time: 0 sec     pairs]
[Pass 12 time: 0.002 sec     element]
[Pass 13 time: 0 sec     rule]
[Pass 14 time: 0.001 sec     rules]
[Pass 15 time: 0.001 sec     actions]
[Pass 16 time: 0.001 sec     nodes]
[Pass 17 time: 0.001 sec     multi]
[Pass 18 time: 0 sec     path]
[Pass 19 time: 0.005 sec     select]
[Pass 20 time: 0.004 sec     region]
[Pass 21 time: 0.001 sec     regions]
[Pass 22 time: 0.001 sec     recurse]
[Pass 23 time: 0 sec     recurses]
[Pass 24 time: 0 sec     code]
[Pass 25 time: 0.003 sec     rulesfile]
[Pass 1 time: 0.002 sec     tokenize]
[Pass 2 time: 0 sec     line]
[Pass 3 time: 0.004 sec     retok]
[Pass 4 time: 0.011 sec     bigtok]
[Pass 5 time: 0.008 sec     x_commas]
[Pass 6 time: 0.05 sec     components]
[Pass 7 time: 0.005 sec     x_white]
[Pass 8 time: 0.008 sec     list]
[Pass 9 time: 0.003 sec     action]
[Pass 10 time: 0.001 sec     pair]
[Pass 11 time: 0 sec     pairs]
[Pass 12 time: 0.001 sec     element]
[Pass 13 time: 0.001 sec     rule]
[Pass 14 time: 0 sec     rules]
[Pass 15 time: 0.001 sec     actions]
[Pass 16 time: 0.001 sec     nodes]
[Pass 17 time: 0 sec     multi]
[Pass 18 time: 0.001 sec     path]
[Pass 19 time: 0.004 sec     select]
[Pass 20 time: 0.003 sec     region]
[Pass 21 time: 0 sec     regions]
[Pass 22 time: 0.001 sec     recurse]
[Pass 23 time: 0 sec     recurses]
[Pass 24 time: 0.001 sec     code]
[Pass 25 time: 0.003 sec     rulesfile]
[Pass 1 time: 0 sec     tokenize]
[Pass 2 time: 0 sec     line]
[Pass 3 time: 0 sec     retok]
[Pass 4 time: 0 sec     bigtok]
[Pass 5 time: 0 sec     x_commas]
[Pass 6 time: 0.001 sec     components]
[Pass 7 time: 0 sec     x_white]
[Pass 8 time: 0 sec     list]
[Pass 9 time: 0 sec     action]
[Pass 10 time: 0 sec     pair]
[Pass 11 time: 0 sec     pairs]
[Pass 12 time: 0 sec     element]
[Pass 13 time: 0 sec     rule]
[Pass 14 time: 0 sec     rules]
[Pass 15 time: 0 sec     actions]
[Pass 16 time: 0 sec     nodes]
[Pass 17 time: 0 sec     multi]
[Pass 18 time: 0 sec     path]
[Pass 19 time: 0 sec     select]
[Pass 20 time: 0 sec     region]
[Pass 21 time: 0 sec     regions]
[Pass 22 time: 0 sec     recurse]
[Pass 23 time: 0 sec     recurses]
[Pass 24 time: 0 sec     code]
[Pass 25 time: 0 sec     rulesfile]
[Pass 26 time: 0 sec     intern]
[Input file: c:\Users\Adarsh\Desktop\LEXISNEXIS\LANG_NLP\ANALYZERS\after_lang\\spec\tagsSpaces.nlp]
[Total passes: 26]
[Total time: 0.001 sec]
[Time per 1000 chars (0.001/315): 0.0031746 sec]
[Time per pass per 1000 chars: 0.0001221]
infile  passes tottime length tot/1000 tot/pass/1000
c:\Users\Adarsh\Desktop\LEXISNEXIS\LANG_NLP\ANALYZERS\after_lang\\spec\tagsSpaces.nlp	26	0.001	315	0.0031746	0.0001221
[Pass 1 time: 0 sec     tokenize]
[Pass 2 time: 0 sec     line]
[Pass 3 time: 0.001 sec     retok]
[Pass 4 time: 0 sec     bigtok]
[Pass 5 time: 0 sec     x_commas]
[Pass 6 time: 0.001 sec     components]
[Pass 7 time: 0 sec     x_white]
[Pass 8 time: 0 sec     list]
[Pass 9 time: 0 sec     action]
[Pass 10 time: 0 sec     pair]
[Pass 11 time: 0 sec     pairs]
[Pass 12 time: 0 sec     element]
[Pass 13 time: 0 sec     rule]
[Pass 14 time: 0 sec     rules]
[Pass 15 time: 0 sec     actions]
[Pass 16 time: 0 sec     nodes]
[Pass 17 time: 0 sec     multi]
[Pass 18 time: 0 sec     path]
[Pass 19 time: 0.001 sec     select]
[Pass 20 time: 0 sec     region]
[Pass 21 time: 0 sec     regions]
[Pass 22 time: 0 sec     recurse]
[Pass 23 time: 0 sec     recurses]
[Pass 24 time: 0 sec     code]
[Pass 25 time: 0 sec     rulesfile]
[Pass 1 time: 0 sec     tokenize]
[Pass 2 time: 0 sec     line]
[Pass 3 time: 0 sec     retok]
[Pass 4 time: 0.001 sec     bigtok]
[Pass 5 time: 0 sec     x_commas]
[Pass 6 time: 0.002 sec     components]
[Pass 7 time: 0.001 sec     x_white]
[Pass 8 time: 0 sec     list]
[Pass 9 time: 0 sec     action]
[Pass 10 time: 0 sec     pair]
[Pass 11 time: 0 sec     pairs]
[Pass 12 time: 0 sec     element]
[Pass 13 time: 0.001 sec     rule]
[Pass 14 time: 0 sec     rules]
[Pass 15 time: 0 sec     actions]
[Pass 16 time: 0 sec     nodes]
[Pass 17 time: 0 sec     multi]
[Pass 18 time: 0 sec     path]
[Pass 19 time: 0 sec     select]
[Pass 20 time: 0.001 sec     region]
[Pass 21 time: 0 sec     regions]
[Pass 22 time: 0 sec     recurse]
[Pass 23 time: 0 sec     recurses]
[Pass 24 time: 0 sec     code]
[Pass 25 time: 0 sec     rulesfile]
[Pass 1 time: 0.001 sec     tokenize]
[Pass 2 time: 0 sec     line]
[Pass 3 time: 0 sec     retok]
[Pass 4 time: 0 sec     bigtok]
[Pass 5 time: 0 sec     x_commas]
[Pass 6 time: 0.002 sec     components]
[Pass 7 time: 0 sec     x_white]
[Pass 8 time: 0.001 sec     list]
[Pass 9 time: 0 sec     action]
[Pass 10 time: 0 sec     pair]
[Pass 11 time: 0 sec     pairs]
[Pass 12 time: 0 sec     element]
[Pass 13 time: 0 sec     rule]
[Pass 14 time: 0 sec     rules]
[Pass 15 time: 0 sec     actions]
[Pass 16 time: 0 sec     nodes]
[Pass 17 time: 0 sec     multi]
[Pass 18 time: 0 sec     path]
[Pass 19 time: 0 sec     select]
[Pass 20 time: 0 sec     region]
[Pass 21 time: 0 sec     regions]
[Pass 22 time: 0 sec     recurse]
[Pass 23 time: 0 sec     recurses]
[Pass 24 time: 0 sec     code]
[Pass 25 time: 0 sec     rulesfile]
[Pass 26 time: 0.001 sec     intern]
[Input file: c:\Users\Adarsh\Desktop\LEXISNEXIS\LANG_NLP\ANALYZERS\after_lang\\spec\tags.nlp]
[Total passes: 26]
[Total time: 0.005 sec]
[Time per 1000 chars (0.005/609): 0.00821018 sec]
[Time per pass per 1000 chars: 0.000315776]
infile  passes tottime length tot/1000 tot/pass/1000
c:\Users\Adarsh\Desktop\LEXISNEXIS\LANG_NLP\ANALYZERS\after_lang\\spec\tags.nlp	26	0.005	609	0.00821018	0.000315776
[Pass 1 time: 0 sec     tokenize]
[Pass 2 time: 0 sec     line]
[Pass 3 time: 0 sec     retok]
[Pass 4 time: 0 sec     bigtok]
[Pass 5 time: 0 sec     x_commas]
[Pass 6 time: 0 sec     components]
[Pass 7 time: 0 sec     x_white]
[Pass 8 time: 0 sec     list]
[Pass 9 time: 0 sec     action]
[Pass 10 time: 0 sec     pair]
[Pass 11 time: 0 sec     pairs]
[Pass 12 time: 0 sec     element]
[Pass 13 time: 0 sec     rule]
[Pass 14 time: 0 sec     rules]
[Pass 15 time: 0 sec     actions]
[Pass 16 time: 0 sec     nodes]
[Pass 17 time: 0 sec     multi]
[Pass 18 time: 0 sec     path]
[Pass 19 time: 0.001 sec     select]
[Pass 20 time: 0 sec     region]
[Pass 21 time: 0 sec     regions]
[Pass 22 time: 0 sec     recurse]
[Pass 23 time: 0 sec     recurses]
[Pass 24 time: 0 sec     code]
[Pass 25 time: 0 sec     rulesfile]
[Pass 26 time: 0 sec     intern]
[Input file: c:\Users\Adarsh\Desktop\LEXISNEXIS\LANG_NLP\ANALYZERS\after_lang\\spec\textZone.nlp]
[Total passes: 26]
[Total time: 0.001 sec]
[Time per 1000 chars (0.001/322): 0.00310559 sec]
[Time per pass per 1000 chars: 0.000119446]
infile  passes tottime length tot/1000 tot/pass/1000
c:\Users\Adarsh\Desktop\LEXISNEXIS\LANG_NLP\ANALYZERS\after_lang\\spec\textZone.nlp	26	0.001	322	0.00310559	0.000119446
[Pass 1 time: 0 sec     tokenize]
[Pass 2 time: 0 sec     line]
[Pass 3 time: 0 sec     retok]
[Pass 4 time: 0 sec     bigtok]
[Pass 5 time: 0 sec     x_commas]
[Pass 6 time: 0 sec     components]
[Pass 7 time: 0 sec     x_white]
[Pass 8 time: 0 sec     list]
[Pass 9 time: 0 sec     action]
[Pass 10 time: 0 sec     pair]
[Pass 11 time: 0 sec     pairs]
[Pass 12 time: 0 sec     element]
[Pass 13 time: 0.001 sec     rule]
[Pass 14 time: 0 sec     rules]
[Pass 15 time: 0 sec     actions]
[Pass 16 time: 0 sec     nodes]
[Pass 17 time: 0 sec     multi]
[Pass 18 time: 0 sec     path]
[Pass 19 time: 0 sec     select]
[Pass 20 time: 0 sec     region]
[Pass 21 time: 0 sec     regions]
[Pass 22 time: 0 sec     recurse]
[Pass 23 time: 0 sec     recurses]
[Pass 24 time: 0 sec     code]
[Pass 25 time: 0 sec     rulesfile]
[Pass 26 time: 0 sec     intern]
[Input file: c:\Users\Adarsh\Desktop\LEXISNEXIS\LANG_NLP\ANALYZERS\after_lang\\spec\notText.nlp]
[Total passes: 26]
[Total time: 0.001 sec]
[Time per 1000 chars (0.001/275): 0.00363636 sec]
[Time per pass per 1000 chars: 0.00013986]
infile  passes tottime length tot/1000 tot/pass/1000
c:\Users\Adarsh\Desktop\LEXISNEXIS\LANG_NLP\ANALYZERS\after_lang\\spec\notText.nlp	26	0.001	275	0.00363636	0.00013986
[Pass 1 time: 0 sec     tokenize]
[Pass 2 time: 0 sec     line]
[Pass 3 time: 0 sec     retok]
[Pass 4 time: 0 sec     bigtok]
[Pass 5 time: 0 sec     x_commas]
[Pass 6 time: 0 sec     components]
[Pass 7 time: 0 sec     x_white]
[Pass 8 time: 0 sec     list]
[Pass 9 time: 0 sec     action]
[Pass 10 time: 0 sec     pair]
[Pass 11 time: 0 sec     pairs]
[Pass 12 time: 0 sec     element]
[Pass 13 time: 0 sec     rule]
[Pass 14 time: 0 sec     rules]
[Pass 15 time: 0 sec     actions]
[Pass 16 time: 0 sec     nodes]
[Pass 17 time: 0 sec     multi]
[Pass 18 time: 0 sec     path]
[Pass 19 time: 0 sec     select]
[Pass 20 time: 0 sec     region]
[Pass 21 time: 0 sec     regions]
[Pass 22 time: 0 sec     recurse]
[Pass 23 time: 0 sec     recurses]
[Pass 24 time: 0 sec     code]
[Pass 25 time: 0 sec     rulesfile]
[Pass 1 time: 0 sec     tokenize]
[Pass 2 time: 0 sec     line]
[Pass 3 time: 0 sec     retok]
[Pass 4 time: 0 sec     bigtok]
[Pass 5 time: 0 sec     x_commas]
[Pass 6 time: 0.001 sec     components]
[Pass 7 time: 0 sec     x_white]
[Pass 8 time: 0 sec     list]
[Pass 9 time: 0 sec     action]
[Pass 10 time: 0 sec     pair]
[Pass 11 time: 0.001 sec     pairs]
[Pass 12 time: 0 sec     element]
[Pass 13 time: 0 sec     rule]
[Pass 14 time: 0 sec     rules]
[Pass 15 time: 0 sec     actions]
[Pass 16 time: 0 sec     nodes]
[Pass 17 time: 0 sec     multi]
[Pass 18 time: 0 sec     path]
[Pass 19 time: 0 sec     select]
[Pass 20 time: 0 sec     region]
[Pass 21 time: 0 sec     regions]
[Pass 22 time: 0 sec     recurse]
[Pass 23 time: 0 sec     recurses]
[Pass 24 time: 0 sec     code]
[Pass 25 time: 0 sec     rulesfile]
[Pass 26 time: 0 sec     intern]
[Input file: c:\Users\Adarsh\Desktop\LEXISNEXIS\LANG_NLP\ANALYZERS\after_lang\\spec\Lines.nlp]
[Total passes: 26]
[Total time: 0.002 sec]
[Time per 1000 chars (0.002/479): 0.00417537 sec]
[Time per pass per 1000 chars: 0.000160591]
infile  passes tottime length tot/1000 tot/pass/1000
c:\Users\Adarsh\Desktop\LEXISNEXIS\LANG_NLP\ANALYZERS\after_lang\\spec\Lines.nlp	26	0.002	479	0.00417537	0.000160591
[Pass 1 time: 0 sec     tokenize]
[Pass 2 time: 0 sec     line]
[Pass 3 time: 0 sec     retok]
[Pass 4 time: 0 sec     bigtok]
[Pass 5 time: 0 sec     x_commas]
[Pass 6 time: 0.001 sec     components]
[Pass 7 time: 0.001 sec     x_white]
[Pass 8 time: 0 sec     list]
[Pass 9 time: 0 sec     action]
[Pass 10 time: 0 sec     pair]
[Pass 11 time: 0 sec     pairs]
[Pass 12 time: 0 sec     element]
[Pass 13 time: 0 sec     rule]
[Pass 14 time: 0 sec     rules]
[Pass 15 time: 0 sec     actions]
[Pass 16 time: 0 sec     nodes]
[Pass 17 time: 0 sec     multi]
[Pass 18 time: 0 sec     path]
[Pass 19 time: 0 sec     select]
[Pass 20 time: 0.001 sec     region]
[Pass 21 time: 0 sec     regions]
[Pass 22 time: 0 sec     recurse]
[Pass 23 time: 0 sec     recurses]
[Pass 24 time: 0 sec     code]
[Pass 25 time: 0 sec     rulesfile]
[Pass 1 time: 0 sec     tokenize]
[Pass 2 time: 0 sec     line]
[Pass 3 time: 0 sec     retok]
[Pass 4 time: 0 sec     bigtok]
[Pass 5 time: 0 sec     x_commas]
[Pass 6 time: 0.001 sec     components]
[Pass 7 time: 0 sec     x_white]
[Pass 8 time: 0 sec     list]
[Pass 9 time: 0 sec     action]
[Pass 10 time: 0 sec     pair]
[Pass 11 time: 0 sec     pairs]
[Pass 12 time: 0 sec     element]
[Pass 13 time: 0 sec     rule]
[Pass 14 time: 0 sec     rules]
[Pass 15 time: 0 sec     actions]
[Pass 16 time: 0 sec     nodes]
[Pass 17 time: 0 sec     multi]
[Pass 18 time: 0 sec     path]
[Pass 19 time: 0 sec     select]
[Pass 20 time: 0 sec     region]
[Pass 21 time: 0 sec     regions]
[Pass 22 time: 0 sec     recurse]
[Pass 23 time: 0 sec     recurses]
[Pass 24 time: 0 sec     code]
[Pass 25 time: 0 sec     rulesfile]
[Pass 1 time: 0 sec     tokenize]
[Pass 2 time: 0 sec     line]
[Pass 3 time: 0 sec     retok]
[Pass 4 time: 0 sec     bigtok]
[Pass 5 time: 0.001 sec     x_commas]
[Pass 6 time: 0.001 sec     components]
[Pass 7 time: 0 sec     x_white]
[Pass 8 time: 0 sec     list]
[Pass 9 time: 0 sec     action]
[Pass 10 time: 0 sec     pair]
[Pass 11 time: 0 sec     pairs]
[Pass 12 time: 0 sec     element]
[Pass 13 time: 0.001 sec     rule]
[Pass 14 time: 0 sec     rules]
[Pass 15 time: 0 sec     actions]
[Pass 16 time: 0 sec     nodes]
[Pass 17 time: 0 sec     multi]
[Pass 18 time: 0 sec     path]
[Pass 19 time: 0 sec     select]
[Pass 20 time: 0 sec     region]
[Pass 21 time: 0 sec     regions]
[Pass 22 time: 0 sec     recurse]
[Pass 23 time: 0 sec     recurses]
[Pass 24 time: 0 sec     code]
[Pass 25 time: 0 sec     rulesfile]
[Pass 26 time: 0 sec     intern]
[Input file: c:\Users\Adarsh\Desktop\LEXISNEXIS\LANG_NLP\ANALYZERS\after_lang\\spec\words.nlp]
[Total passes: 26]
[Total time: 0.003 sec]
[Time per 1000 chars (0.003/672): 0.00446429 sec]
[Time per pass per 1000 chars: 0.000171703]
infile  passes tottime length tot/1000 tot/pass/1000
c:\Users\Adarsh\Desktop\LEXISNEXIS\LANG_NLP\ANALYZERS\after_lang\\spec\words.nlp	26	0.003	672	0.00446429	0.000171703
[Pass 1 time: 0 sec     tokenize]
[Pass 2 time: 0 sec     line]
[Pass 3 time: 0.001 sec     retok]
[Pass 4 time: 0 sec     bigtok]
[Pass 5 time: 0 sec     x_commas]
[Pass 6 time: 0.001 sec     components]
[Pass 7 time: 0.001 sec     x_white]
[Pass 8 time: 0 sec     list]
[Pass 9 time: 0 sec     action]
[Pass 10 time: 0 sec     pair]
[Pass 11 time: 0 sec     pairs]
[Pass 12 time: 0 sec     element]
[Pass 13 time: 0 sec     rule]
[Pass 14 time: 0.001 sec     rules]
[Pass 15 time: 0 sec     actions]
[Pass 16 time: 0 sec     nodes]
[Pass 17 time: 0 sec     multi]
[Pass 18 time: 0 sec     path]
[Pass 19 time: 0 sec     select]
[Pass 20 time: 0 sec     region]
[Pass 21 time: 0 sec     regions]
[Pass 22 time: 0 sec     recurse]
[Pass 23 time: 0 sec     recurses]
[Pass 24 time: 0 sec     code]
[Pass 25 time: 0 sec     rulesfile]
[Pass 1 time: 0 sec     tokenize]
[Pass 2 time: 0 sec     line]
[Pass 3 time: 0 sec     retok]
[Pass 4 time: 0 sec     bigtok]
[Pass 5 time: 0 sec     x_commas]
[Pass 6 time: 0.001 sec     components]
[Pass 7 time: 0 sec     x_white]
[Pass 8 time: 0 sec     list]
[Pass 9 time: 0 sec     action]
[Pass 10 time: 0 sec     pair]
[Pass 11 time: 0 sec     pairs]
[Pass 12 time: 0 sec     element]
[Pass 13 time: 0 sec     rule]
[Pass 14 time: 0 sec     rules]
[Pass 15 time: 0 sec     actions]
[Pass 16 time: 0 sec     nodes]
[Pass 17 time: 0 sec     multi]
[Pass 18 time: 0 sec     path]
[Pass 19 time: 0.001 sec     select]
[Pass 20 time: 0 sec     region]
[Pass 21 time: 0 sec     regions]
[Pass 22 time: 0 sec     recurse]
[Pass 23 time: 0 sec     recurses]
[Pass 24 time: 0 sec     code]
[Pass 25 time: 0 sec     rulesfile]
[Pass 1 time: 0 sec     tokenize]
[Pass 2 time: 0 sec     line]
[Pass 3 time: 0 sec     retok]
[Pass 4 time: 0 sec     bigtok]
[Pass 5 time: 0 sec     x_commas]
[Pass 6 time: 0.002 sec     components]
[Pass 7 time: 0 sec     x_white]
[Pass 8 time: 0 sec     list]
[Pass 9 time: 0 sec     action]
[Pass 10 time: 0 sec     pair]
[Pass 11 time: 0 sec     pairs]
[Pass 12 time: 0 sec     element]
[Pass 13 time: 0.001 sec     rule]
[Pass 14 time: 0 sec     rules]
[Pass 15 time: 0 sec     actions]
[Pass 16 time: 0 sec     nodes]
[Pass 17 time: 0 sec     multi]
[Pass 18 time: 0 sec     path]
[Pass 19 time: 0 sec     select]
[Pass 20 time: 0 sec     region]
[Pass 21 time: 0 sec     regions]
[Pass 22 time: 0 sec     recurse]
[Pass 23 time: 0 sec     recurses]
[Pass 24 time: 0 sec     code]
[Pass 25 time: 0 sec     rulesfile]
[Pass 1 time: 0.001 sec     tokenize]
[Pass 2 time: 0 sec     line]
[Pass 3 time: 0 sec     retok]
[Pass 4 time: 0 sec     bigtok]
[Pass 5 time: 0 sec     x_commas]
[Pass 6 time: 0 sec     components]
[Pass 7 time: 0.001 sec     x_white]
[Pass 8 time: 0 sec     list]
[Pass 9 time: 0 sec     action]
[Pass 10 time: 0 sec     pair]
[Pass 11 time: 0 sec     pairs]
[Pass 12 time: 0 sec     element]
[Pass 13 time: 0 sec     rule]
[Pass 14 time: 0 sec     rules]
[Pass 15 time: 0 sec     actions]
[Pass 16 time: 0 sec     nodes]
[Pass 17 time: 0 sec     multi]
[Pass 18 time: 0 sec     path]
[Pass 19 time: 0 sec     select]
[Pass 20 time: 0 sec     region]
[Pass 21 time: 0 sec     regions]
[Pass 22 time: 0 sec     recurse]
[Pass 23 time: 0 sec     recurses]
[Pass 24 time: 0 sec     code]
[Pass 25 time: 0 sec     rulesfile]
[Pass 1 time: 0 sec     tokenize]
[Pass 2 time: 0 sec     line]
[Pass 3 time: 0 sec     retok]
[Pass 4 time: 0 sec     bigtok]
[Pass 5 time: 0 sec     x_commas]
[Pass 6 time: 0.001 sec     components]
[Pass 7 time: 0 sec     x_white]
[Pass 8 time: 0.001 sec     list]
[Pass 9 time: 0 sec     action]
[Pass 10 time: 0 sec     pair]
[Pass 11 time: 0 sec     pairs]
[Pass 12 time: 0 sec     element]
[Pass 13 time: 0 sec     rule]
[Pass 14 time: 0 sec     rules]
[Pass 15 time: 0 sec     actions]
[Pass 16 time: 0 sec     nodes]
[Pass 17 time: 0 sec     multi]
[Pass 18 time: 0 sec     path]
[Pass 19 time: 0 sec     select]
[Pass 20 time: 0 sec     region]
[Pass 21 time: 0 sec     regions]
[Pass 22 time: 0 sec     recurse]
[Pass 23 time: 0 sec     recurses]
[Pass 24 time: 0 sec     code]
[Pass 25 time: 0 sec     rulesfile]
[Pass 1 time: 0 sec     tokenize]
[Pass 2 time: 0 sec     line]
[Pass 3 time: 0.001 sec     retok]
[Pass 4 time: 0 sec     bigtok]
[Pass 5 time: 0 sec     x_commas]
[Pass 6 time: 0.001 sec     components]
[Pass 7 time: 0 sec     x_white]
[Pass 8 time: 0 sec     list]
[Pass 9 time: 0 sec     action]
[Pass 10 time: 0 sec     pair]
[Pass 11 time: 0 sec     pairs]
[Pass 12 time: 0.001 sec     element]
[Pass 13 time: 0 sec     rule]
[Pass 14 time: 0 sec     rules]
[Pass 15 time: 0 sec     actions]
[Pass 16 time: 0 sec     nodes]
[Pass 17 time: 0 sec     multi]
[Pass 18 time: 0 sec     path]
[Pass 19 time: 0 sec     select]
[Pass 20 time: 0 sec     region]
[Pass 21 time: 0 sec     regions]
[Pass 22 time: 0 sec     recurse]
[Pass 23 time: 0 sec     recurses]
[Pass 24 time: 0 sec     code]
[Pass 25 time: 0 sec     rulesfile]
[Pass 1 time: 0 sec     tokenize]
[Pass 2 time: 0 sec     line]
[Pass 3 time: 0 sec     retok]
[Pass 4 time: 0 sec     bigtok]
[Pass 5 time: 0 sec     x_commas]
[Pass 6 time: 0 sec     components]
[Pass 7 time: 0 sec     x_white]
[Pass 8 time: 0 sec     list]
[Pass 9 time: 0 sec     action]
[Pass 10 time: 0 sec     pair]
[Pass 11 time: 0 sec     pairs]
[Pass 12 time: 0 sec     element]
[Pass 13 time: 0.001 sec     rule]
[Pass 14 time: 0 sec     rules]
[Pass 15 time: 0 sec     actions]
[Pass 16 time: 0 sec     nodes]
[Pass 17 time: 0 sec     multi]
[Pass 18 time: 0 sec     path]
[Pass 19 time: 0 sec     select]
[Pass 20 time: 0 sec     region]
[Pass 21 time: 0 sec     regions]
[Pass 22 time: 0 sec     recurse]
[Pass 23 time: 0 sec     recurses]
[Pass 24 time: 0 sec     code]
[Pass 25 time: 0 sec     rulesfile]
[Pass 1 time: 0 sec     tokenize]
[Pass 2 time: 0 sec     line]
[Pass 3 time: 0 sec     retok]
[Pass 4 time: 0 sec     bigtok]
[Pass 5 time: 0 sec     x_commas]
[Pass 6 time: 0.001 sec     components]
[Pass 7 time: 0 sec     x_white]
[Pass 8 time: 0 sec     list]
[Pass 9 time: 0 sec     action]
[Pass 10 time: 0 sec     pair]
[Pass 11 time: 0 sec     pairs]
[Pass 12 time: 0 sec     element]
[Pass 13 time: 0 sec     rule]
[Pass 14 time: 0 sec     rules]
[Pass 15 time: 0 sec     actions]
[Pass 16 time: 0 sec     nodes]
[Pass 17 time: 0 sec     multi]
[Pass 18 time: 0 sec     path]
[Pass 19 time: 0.001 sec     select]
[Pass 20 time: 0 sec     region]
[Pass 21 time: 0 sec     regions]
[Pass 22 time: 0 sec     recurse]
[Pass 23 time: 0 sec     recurses]
[Pass 24 time: 0 sec     code]
[Pass 25 time: 0 sec     rulesfile]
[Pass 1 time: 0 sec     tokenize]
[Pass 2 time: 0 sec     line]
[Pass 3 time: 0 sec     retok]
[Pass 4 time: 0.001 sec     bigtok]
[Pass 5 time: 0 sec     x_commas]
[Pass 6 time: 0.002 sec     components]
[Pass 7 time: 0.001 sec     x_white]
[Pass 8 time: 0 sec     list]
[Pass 9 time: 0 sec     action]
[Pass 10 time: 0 sec     pair]
[Pass 11 time: 0.001 sec     pairs]
[Pass 12 time: 0 sec     element]
[Pass 13 time: 0 sec     rule]
[Pass 14 time: 0 sec     rules]
[Pass 15 time: 0 sec     actions]
[Pass 16 time: 0 sec     nodes]
[Pass 17 time: 0 sec     multi]
[Pass 18 time: 0 sec     path]
[Pass 19 time: 0 sec     select]
[Pass 20 time: 0.001 sec     region]
[Pass 21 time: 0 sec     regions]
[Pass 22 time: 0 sec     recurse]
[Pass 23 time: 0 sec     recurses]
[Pass 24 time: 0 sec     code]
[Pass 25 time: 0 sec     rulesfile]
[Pass 1 time: 0 sec     tokenize]
[Pass 2 time: 0 sec     line]
[Pass 3 time: 0 sec     retok]
[Pass 4 time: 0.001 sec     bigtok]
[Pass 5 time: 0 sec     x_commas]
[Pass 6 time: 0 sec     components]
[Pass 7 time: 0 sec     x_white]
[Pass 8 time: 0 sec     list]
[Pass 9 time: 0 sec     action]
[Pass 10 time: 0 sec     pair]
[Pass 11 time: 0 sec     pairs]
[Pass 12 time: 0 sec     element]
[Pass 13 time: 0 sec     rule]
[Pass 14 time: 0 sec     rules]
[Pass 15 time: 0 sec     actions]
[Pass 16 time: 0 sec     nodes]
[Pass 17 time: 0 sec     multi]
[Pass 18 time: 0 sec     path]
[Pass 19 time: 0 sec     select]
[Pass 20 time: 0.001 sec     region]
[Pass 21 time: 0 sec     regions]
[Pass 22 time: 0 sec     recurse]
[Pass 23 time: 0 sec     recurses]
[Pass 24 time: 0 sec     code]
[Pass 25 time: 0 sec     rulesfile]
[Pass 1 time: 0 sec     tokenize]
[Pass 2 time: 0 sec     line]
[Pass 3 time: 0 sec     retok]
[Pass 4 time: 0 sec     bigtok]
[Pass 5 time: 0 sec     x_commas]
[Pass 6 time: 0 sec     components]
[Pass 7 time: 0 sec     x_white]
[Pass 8 time: 0.001 sec     list]
[Pass 9 time: 0 sec     action]
[Pass 10 time: 0 sec     pair]
[Pass 11 time: 0 sec     pairs]
[Pass 12 time: 0 sec     element]
[Pass 13 time: 0 sec     rule]
[Pass 14 time: 0 sec     rules]
[Pass 15 time: 0 sec     actions]
[Pass 16 time: 0 sec     nodes]
[Pass 17 time: 0 sec     multi]
[Pass 18 time: 0 sec     path]
[Pass 19 time: 0 sec     select]
[Pass 20 time: 0 sec     region]
[Pass 21 time: 0 sec     regions]
[Pass 22 time: 0 sec     recurse]
[Pass 23 time: 0 sec     recurses]
[Pass 24 time: 0 sec     code]
[Pass 25 time: 0 sec     rulesfile]
[Pass 1 time: 0 sec     tokenize]
[Pass 2 time: 0 sec     line]
[Pass 3 time: 0 sec     retok]
[Pass 4 time: 0 sec     bigtok]
[Pass 5 time: 0 sec     x_commas]
[Pass 6 time: 0.002 sec     components]
[Pass 7 time: 0 sec     x_white]
[Pass 8 time: 0 sec     list]
[Pass 9 time: 0 sec     action]
[Pass 10 time: 0 sec     pair]
[Pass 11 time: 0 sec     pairs]
[Pass 12 time: 0 sec     element]
[Pass 13 time: 0 sec     rule]
[Pass 14 time: 0 sec     rules]
[Pass 15 time: 0 sec     actions]
[Pass 16 time: 0 sec     nodes]
[Pass 17 time: 0 sec     multi]
[Pass 18 time: 0 sec     path]
[Pass 19 time: 0 sec     select]
[Pass 20 time: 0 sec     region]
[Pass 21 time: 0 sec     regions]
[Pass 22 time: 0 sec     recurse]
[Pass 23 time: 0 sec     recurses]
[Pass 24 time: 0 sec     code]
[Pass 25 time: 0 sec     rulesfile]
