File=x\x_0\X.xml
File=x\x_0\xa.xml
File=x\x_0\xaa.xml
File=x\x_0\xaafad.xml
File=x\x_0\xaal.xml
File=x\x_0\xaas.xml
File=x\x_0\xaasj.xml
File=x\x_0\xab.xml
File=x\x_0\xababrek.xml
File=x\x_0\xabakluf.xml
File=x\x_0\xabalinos.xml
File=x\x_0\xabana.xml
File=x\x_0\xabardo.xml
File=x\x_0\xabardos.xml
File=x\x_0\xabaril.xml
File=x\x_0\xabatul.xml
File=x\x_0\xabaz.xml
File=x\x_0\xabbatog.xml
File=x\x_0\xabela.xml
File=x\x_0\xabeque.xml
File=x\x_0\xabeques.xml
File=x\x_0\xabi.xml
File=x\x_0\Xabier.xml
File=x\x_0\xabisa.xml
File=x\x_0\xabiseka.xml
File=x\x_0\Xabizende.xml
File=x\x_0\xabo.xml
File=x\x_0\xaboi.xml
File=x\x_0\xabon.xml
File=x\x_0\xabones.xml
File=x\x_0\Xabon_1.xml
File=x\x_0\xabre.xml
File=x\x_0\xabres.xml
File=x\x_0\xabxab.xml
File=x\x_0\xaca.xml
File=x\x_0\xacal.xml
File=x\x_0\xacalli.xml
File=x\x_0\xacals.xml
File=x\x_0\xacaltontli.xml
File=x\x_0\xacer.xml
File=x\x_0\xache.xml
File=x\x_0\xachetina.xml
File=x\x_0\xachetine.xml
File=x\x_0\xacintos.xml
File=x\x_0\xacintu.xml
File=x\x_0\XACML.xml
File=x\x_0\xacobea.xml
File=x\x_0\xacobeas.xml
File=x\x_0\xacobeo.xml
File=x\x_0\xacobeos.xml
File=x\x_0\xacra.xml
File=x\x_0\xacres.xml
File=x\x_0\xacuti.xml
File=x\x_0\xacutti.xml
File=x\x_0\xadin.xml
File=x\x_0\xadina.xml
File=x\x_0\xador.xml
File=x\x_0\xadrez.xml
File=x\x_0\xadrezes.xml
File=x\x_0\xadrezista.xml
File=x\x_0\xaenorphica.xml
File=x\x_0\XAF.xml
File=x\x_0\xafardegem.xml
File=x\x_0\xafardegen.xml
File=x\x_0\xafardeges.xml
File=x\x_0\xafardegessin.xml
File=x\x_0\xafardegessis.xml
File=x\x_0\xafardegeu.xml
File=x\x_0\xafardegi.xml
File=x\x_0\xafardegin.xml
File=x\x_0\xafardegis.xml
File=x\x_0\xafardeja.xml
File=x\x_0\xafardejada.xml
File=x\x_0\xafardejades.xml
File=x\x_0\xafardejant.xml
File=x\x_0\xafardejar.xml
File=x\x_0\xafardejaran.xml
File=x\x_0\xafardejarem.xml
File=x\x_0\xafardejaren.xml
File=x\x_0\xafardejares.xml
File=x\x_0\xafardejareu.xml
File=x\x_0\xafardejaria.xml
File=x\x_0\xafardejarien.xml
File=x\x_0\xafardejaries.xml
File=x\x_0\xafardejat.xml
File=x\x_0\xafardejats.xml
File=x\x_0\xafardejava.xml
File=x\x_0\xafardejaven.xml
File=x\x_0\xafardejaves.xml
File=x\x_0\xafardejo.xml
File=x\x_0\xafarder.xml
File=x\x_0\xafardera.xml
File=x\x_0\xafarderes.xml
File=x\x_0\xafarders.xml
File=x\x_0\xafarotegem.xml
File=x\x_0\xafarotegen.xml
File=x\x_0\xafaroteges.xml
File=x\x_0\xafarotegessin.xml
File=x\x_0\xafarotegessis.xml
File=x\x_0\xafarotegeu.xml
File=x\x_0\xafarotegi.xml
File=x\x_0\xafarotegin.xml
File=x\x_0\xafarotegis.xml
File=x\x_0\xafaroteja.xml
File=x\x_0\xafarotejada.xml
File=x\x_0\xafarotejades.xml
File=x\x_0\xafarotejant.xml
File=x\x_0\xafarotejar.xml
File=x\x_0\xafarotejaran.xml
File=x\x_0\xafarotejarem.xml
File=x\x_0\xafarotejaren.xml
File=x\x_0\xafarotejares.xml
File=x\x_0\xafarotejareu.xml
File=x\x_0\xafarotejaria.xml
File=x\x_0\xafarotejarien.xml
File=x\x_0\xafarotejaries.xml
File=x\x_0\xafarotejat.xml
File=x\x_0\xafarotejats.xml
File=x\x_0\xafarotejava.xml
File=x\x_0\xafarotejaven.xml
File=x\x_0\xafarotejaves.xml
File=x\x_0\xafarotejo.xml
File=x\x_0\xafia.xml
File=x\x_0\xafkem.xml
File=x\x_0\xafra.xml
File=x\x_0\xaftona.xml
File=x\x_0\XAG.xml
File=x\x_0\xagee.xml
File=x\x_0\xah.xml
File=x\x_0\xahar.xml
File=x\x_0\xahcalli.xml
File=x\x_0\xahcaltontli.xml
File=x\x_0\xahl.xml
File=x\x_0\xahrejn.xml
File=x\x_0\xai.xml
File=x\x_0\xaile.xml
File=x\x_0\xailes.xml
File=x\x_0\Xaime.xml
File=x\x_0\xaintin.xml
File=x\x_0\xairel.xml
File=x\x_0\xais.xml
File=x\x_0\xaj.xml
File=x\x_0\xak.xml
File=x\x_0\xaka.xml
File=x\x_0\xake.xml
File=x\x_0\xakeka.xml
File=x\x_0\xakelari.xml
File=x\x_0\xal.xml
File=x\x_0\xala.xml
File=x\x_0\xalada.xml
File=x\x_0\xalades.xml
File=x\x_0\xalam.xml
File=x\x_0\xalams.xml
File=x\x_0\xalant.xml
File=x\x_0\Xalapa.xml
File=x\x_0\xalar.xml
File=x\x_0\xalaran.xml
File=x\x_0\xalarem.xml
File=x\x_0\xalaren.xml
File=x\x_0\xalares.xml
File=x\x_0\xalareu.xml
File=x\x_0\xalaria.xml
File=x\x_0\xalarien.xml
File=x\x_0\xalaries.xml
File=x\x_0\xalat.xml
File=x\x_0\xalats.xml
File=x\x_0\xalava.xml
File=x\x_0\xalaven.xml
File=x\x_0\xalaves.xml
File=x\x_0\xale.xml
File=x\x_0\xalem.xml
File=x\x_0\xalen.xml
File=x\x_0\xales.xml
File=x\x_0\xalessin.xml
File=x\x_0\xalessis.xml
File=x\x_0\xaleu.xml
File=x\x_0\xali.xml
File=x\x_0\xalin.xml
File=x\x_0\xaliproden.xml
File=x\x_0\xalis.xml
File=x\x_0\xalka.xml
File=x\x_0\xalkan.xml
File=x\x_0\xalla.xml
File=x\x_0\xallah.xml
File=x\x_0\xalli.xml
File=x\x_0\xalo.xml
File=x\x_0\xaloc.xml
File=x\x_0\xalocs.xml
File=x\x_0\xalq.xml
File=x\x_0\xalqa.xml
File=x\x_0\xals.xml
File=x\x_0\xaltetl.xml
File=x\x_0\xaltetla.xml
File=x\x_0\xaltetlah.xml
File=x\x_0\xaltozan.xml
File=x\x_0\xalundes.xml
File=x\x_0\xalwo.xml
File=x\x_0\xalxalok.xml
File=x\x_0\xalxocotl.xml
File=x\x_0\xalyo.xml
File=x\x_0\xam.xml
File=x\x_0\xama.xml
File=x\x_0\Xamaica.xml
File=x\x_0\xamais.xml
File=x\x_0\xaman.xml
File=x\x_0\xamanismo.xml
File=x\x_0\xamans.xml
File=x\x_0\xamas.xml
File=x\x_0\xambabii.xml
File=x\x_0\xambako.xml
File=x\x_0\xambon.xml
File=x\x_0\xambun.xml
File=x\x_0\xame.xml
File=x\x_0\xamen.xml
File=x\x_0\xames.xml
File=x\x_0\xami.xml
File=x\x_0\Xamir.xml
File=x\x_0\xamis.xml
File=x\x_0\xamitl.xml
File=x\x_0\xamixcalchihualoyan.xml
File=x\x_0\xamixcalcopinaloyan.xml
File=x\x_0\xamixcalli.xml
File=x\x_0\xamixcaltepantli.xml
File=x\x_0\xamixcaltexcalli.xml
File=x\x_0\XAML.xml
File=x\x_0\xamones.xml
File=x\x_0\xamoterol.xml
File=x\x_0\xampanes.xml
File=x\x_0\xampany.xml
File=x\x_0\Xampanya.xml
File=x\x_0\xampanys.xml
File=x\x_0\xampinyons.xml
File=x\x_0\xampu.xml
File=x\x_0\xampus.xml
File=x\x_0\xams.xml
File=x\x_0\xamt.xml
File=x\x_0\Xamtanga.xml
File=x\x_0\xamu.xml
File=x\x_0\xamus.xml
File=x\x_0\xamuscar.xml
File=x\x_0\Xan.xml
File=x\x_0\xana.xml
File=x\x_0\xanaa.xml
File=x\x_0\xanaaji.xml
File=x\x_0\xanaaq.xml
File=x\x_0\xanab.xml
File=x\x_0\Xanadu.xml
File=x\x_0\xanas.xml
File=x\x_0\Xanatos.xml
File=x\x_0\xanav.xml
File=x\x_0\Xanax.xml
File=x\x_0\Xanaxed.xml
File=x\x_0\xanca.xml
File=x\x_0\xanchromatic.xml
File=x\x_0\Xancidae.xml
File=x\x_0\XAND.xml
File=x\x_0\xandall.xml
File=x\x_0\xandalls.xml
File=x\x_0\xandar.xml
File=x\x_0\Xander.xml
File=x\x_0\Xanderista.xml
File=x\x_0\Xanderistas.xml
File=x\x_0\Xandi.xml
File=x\x_0\Xandra.xml
File=x\x_0\xaneiro.xml
File=x\x_0\xaneiros.xml
File=x\x_0\xanela.xml
File=x\x_0\xanelas.xml
File=x\x_0\xanemuu.xml
File=x\x_0\xanes.xml
File=x\x_0\Xangai.xml
File=x\x_0\xanggiyan.xml
File=x\x_0\xanh.xml
File=x\x_0\xanikw.xml
File=x\x_0\xanin.xml
File=x\x_0\xanith.xml
File=x\x_0\xaniths.xml
File=x\x_0\Xannies.xml
File=x\x_0\Xanny.xml
File=x\x_0\xano.xml
File=x\x_0\xanoata.xml
File=x\x_0\xanol.xml
File=x\x_0\xanomeline.xml
File=x\x_0\xanorphica.xml
File=x\x_0\xanpu.xml
File=x\x_0\xanques.xml
File=x\x_0\Xanrey.xml
File=x\x_0\Xans.xml
File=x\x_0\xanta.xml
File=x\x_0\xantaba.xml
File=x\x_0\xantabais.xml
File=x\x_0\xantabeis.xml
File=x\x_0\xantaben.xml
File=x\x_0\xantabes.xml
File=x\x_0\xantada.xml
File=x\x_0\xantaein.xml
File=x\x_0\xantaes.xml
File=x\x_0\xantaifill.xml
File=x\x_0\xantamos.xml
File=x\x_0\xantan.xml
File=x\x_0\xantana.xml
File=x\x_0\xantanas.xml
File=x\x_0\xantando.xml
File=x\x_0\xantano.xml
File=x\x_0\xantanos.xml
File=x\x_0\xantao.xml
File=x\x_0\xantaos.xml
File=x\x_0\xantar.xml
File=x\x_0\xantara.xml
File=x\x_0\xantarais.xml
File=x\x_0\xantaran.xml
File=x\x_0\xantaras.xml
File=x\x_0\xantare.xml
File=x\x_0\xantareis.xml
File=x\x_0\xantaremos.xml
File=x\x_0\xantaren.xml
File=x\x_0\xantares.xml
File=x\x_0\xantaron.xml
File=x\x_0\xantas.xml
File=x\x_0\xantasti.xml
File=x\x_0\xantastis.xml
File=x\x_0\xantatge.xml
File=x\x_0\xantatges.xml
File=x\x_0\xantati.xml
File=x\x_0\xantato.xml
File=x\x_0\xantatos.xml
File=x\x_0\xante.xml
File=x\x_0\xantelasma.xml
File=x\x_0\xantelasmi.xml
File=x\x_0\xantemos.xml
File=x\x_0\Xanten.xml
File=x\x_0\xantene.xml
File=x\x_0\xanteni.xml
File=x\x_0\xantenica.xml
File=x\x_0\xanteniche.xml
File=x\x_0\xantenici.xml
File=x\x_0\xantenico.xml
File=x\x_0\xanten_1.xml
File=x\x_0\xantes.xml
File=x\x_0\xantesti.xml
File=x\x_0\xantestis.xml
File=x\x_0\xantha.xml
File=x\x_0\xanthaangom.xml
File=x\x_0\xanthae.xml
File=x\x_0\xanthaemia.xml
File=x\x_0\xantham.xml
File=x\x_0\xanthamide.xml
File=x\x_0\xanthamides.xml
File=x\x_0\xanthan.xml
File=x\x_0\xanthane.xml
File=x\x_0\xanthanes.xml
File=x\x_0\xanthangummi.xml
File=x\x_0\xanthanoid.xml
File=x\x_0\xanthanolide.xml
File=x\x_0\xanthanolides.xml
File=x\x_0\xanthans.xml
File=x\x_0\xantharum.xml
File=x\x_0\xanthas.xml
File=x\x_0\xanthate.xml
File=x\x_0\xanthates.xml
File=x\x_0\xanthatin.xml
File=x\x_0\xanthation.xml
File=x\x_0\xanthations.xml
File=x\x_0\xanthaurine.xml
File=x\x_0\Xanthe.xml
File=x\x_0\xanthein.xml
File=x\x_0\xantheine.xml
File=x\x_0\xantheins.xml
File=x\x_0\xanthelasma.xml
File=x\x_0\xanthelasmas.xml
File=x\x_0\xanthelasmata.xml
File=x\x_0\xanthelasmic.xml
File=x\x_0\xanthelasmoidea.xml
File=x\x_0\xanthelasmoideae.xml
File=x\x_0\xanthelasmoideam.xml
File=x\x_0\xanthelasmoidearum.xml
File=x\x_0\xanthelasmoideas.xml
File=x\x_0\xanthelasmoidee.xml
File=x\x_0\xanthelasmoidei.xml
File=x\x_0\xanthelasmoideis.xml
File=x\x_0\xanthelasmoideo.xml
File=x\x_0\xanthelasmoideorum.xml
File=x\x_0\xanthelasmoideos.xml
File=x\x_0\xanthelasmoideum.xml
File=x\x_0\xanthelasmoideus.xml
File=x\x_0\xanthematin.xml
File=x\x_0\xanthemia.xml
File=x\x_0\xanthene.xml
File=x\x_0\xanthenes.xml
File=x\x_0\xanthenic.xml
File=x\x_0\xanthenone.xml
File=x\x_0\xanthes.xml
File=x\x_0\xanthe_1.xml
File=x\x_0\xanthi.xml
File=x\x_0\Xanthian.xml
File=x\x_0\Xanthians.xml
File=x\x_0\xanthic.xml
File=x\x_0\xanthid.xml
File=x\x_0\xanthide.xml
File=x\x_0\xanthides.xml
File=x\x_0\Xanthidium.xml
File=x\x_0\xanthids.xml
File=x\x_0\xanthidylic.xml
File=x\x_0\xanthie.xml
File=x\x_0\Xanthien.xml
File=x\x_0\Xanthienne.xml
File=x\x_0\Xanthiennes.xml
File=x\x_0\Xanthiens.xml
File=x\x_0\xanthies.xml
File=x\x_0\xanthigera.xml
File=x\x_0\xanthigerae.xml
File=x\x_0\xanthigeram.xml
File=x\x_0\xanthigerarum.xml
File=x\x_0\xanthigeras.xml
File=x\x_0\xanthigeri.xml
File=x\x_0\xanthigeris.xml
File=x\x_0\xanthigero.xml
File=x\x_0\xanthigerorum.xml
File=x\x_0\xanthigeros.xml
File=x\x_0\xanthigerum.xml
File=x\x_0\xanthigerus.xml
File=x\x_0\xanthin.xml
File=x\x_0\xanthine.xml
File=x\x_0\xanthines.xml
File=x\x_0\xanthinic.xml
File=x\x_0\xanthinin.xml
File=x\x_0\xanthinine.xml
File=x\x_0\xanthinol.xml
File=x\x_0\xanthinosin.xml
File=x\x_0\xanthinoxidase.xml
File=x\x_0\xanthinoxidases.xml
File=x\x_0\xanthins.xml
File=x\x_0\Xanthins_1.xml
File=x\x_0\xanthinuria.xml
File=x\x_0\xanthinurias.xml
File=x\x_0\xanthinuric.xml
File=x\x_0\Xanthin_1.xml
File=x\x_0\xanthiol.xml
File=x\x_0\xanthione.xml
File=x\x_0\xanthiosite.xml
File=x\x_0\Xanthippae.xml
File=x\x_0\Xanthippe.xml
File=x\x_0\Xanthippen.xml
File=x\x_0\Xanthippes.xml
File=x\x_0\Xanthippic.xml
File=x\x_0\Xanthippus.xml
File=x\x_0\xanthis.xml
File=x\x_0\xanthism.xml
File=x\x_0\xanthitane.xml
File=x\x_0\xanthitanes.xml
File=x\x_0\xanthite.xml
File=x\x_0\Xanthium.xml
File=x\x_0\xanthiuria.xml
File=x\x_0\Xanthi_1.xml
File=x\x_0\xantho.xml
File=x\x_0\xanthoangelol.xml
File=x\x_0\xanthoastrocytoma.xml
File=x\x_0\xanthoastrocytomas.xml
File=x\x_0\xanthobacter.xml
File=x\x_0\xanthobacters.xml
