0 0 [Date: Sun Feb 12 15:16:09 2023]
2 0 [Pass file has some unhandled text.]
2 0 [Intern: Couldn't parse rules file.]
0 0 [rfa_output: Couldn't parse rules file.]
3 0 [Pass file has some unhandled text.]
3 0 [Intern: No semantics for parse tree.]
0 0 [rfa_output: No semantics for parse tree.]
4 0 [Pass file has some unhandled text.]
4 0 [Intern: No semantics for parse tree.]
0 0 [rfa_output: No semantics for parse tree.]
6 0 [Pass file has some unhandled text.]
6 0 [Intern: Couldn't parse rules file.]
0 0 [rfa_output: Couldn't parse rules file.]
7 0 [Pass file has some unhandled text.]
7 0 [Intern: Couldn't parse rules file.]
0 0 [rfa_output: Couldn't parse rules file.]
8 0 [Pass file has some unhandled text.]
11 0 [Pass file has some unhandled text.]
11 0 [Intern: Couldn't parse rules file.]
0 0 [rfa_output: Couldn't parse rules file.]
13 0 [Pass file has some unhandled text.]
13 0 [Intern: Couldn't parse rules file.]
0 0 [rfa_output: Couldn't parse rules file.]
14 0 [Pass file has some unhandled text.]
14 0 [Intern: Couldn't parse rules file.]
0 0 [rfa_output: Couldn't parse rules file.]
16 0 [Pass file has some unhandled text.]
16 0 [Intern: Couldn't parse rules file.]
0 0 [rfa_output: Couldn't parse rules file.]
17 0 [Pass file has some unhandled text.]
17 0 [Intern: Couldn't parse rules file.]
0 0 [rfa_output: Couldn't parse rules file.]
18 0 [Pass file has some unhandled text.]
18 0 [Intern: Couldn't parse rules file.]
0 0 [rfa_output: Couldn't parse rules file.]
19 0 [Pass file has some unhandled text.]
19 0 [Intern: Couldn't parse rules file.]
0 0 [rfa_output: Couldn't parse rules file.]
20 0 [Pass file has some unhandled text.]
20 0 [Intern: Couldn't parse rules file.]
0 0 [rfa_output: Couldn't parse rules file.]
21 0 [Pass file has some unhandled text.]
21 0 [Intern: Couldn't parse rules file.]
0 0 [rfa_output: Couldn't parse rules file.]
22 0 [Pass file has some unhandled text.]
22 0 [Intern: Couldn't parse rules file.]
0 0 [rfa_output: Couldn't parse rules file.]
23 0 [Pass file has some unhandled text.]
23 0 [Intern: Couldn't parse rules file.]
0 0 [rfa_output: Couldn't parse rules file.]
24 0 [Pass file has some unhandled text.]
24 0 [Intern: Couldn't parse rules file.]
0 0 [rfa_output: Couldn't parse rules file.]
25 0 [Pass file has some unhandled text.]
25 0 [Intern: Couldn't parse rules file.]
0 0 [rfa_output: Couldn't parse rules file.]
26 0 [Pass file has some unhandled text.]
26 0 [Intern: Couldn't parse rules file.]
0 0 [rfa_output: Couldn't parse rules file.]
27 0 [RFA code action: Non-action in list.]
27 9 [Error: Syntax error.]
27 0 [Pass file has some unhandled text.]
27 0 [Intern: No semantics for parse tree.]
0 0 [rfa_output: No semantics for parse tree.]
0 0 [Build analyzer time=0.291 sec]
